user/build/intermediates/manifest_merge_blame_file/debug/manifest-merger-blame-debug-report.txt
1<?xml version="1.0" encoding="utf-8"?>
2<manifest xmlns:android="http://schemas.android.com/apk/res/android"
3    package="com.rails.purchaseplatform.user"
4    android:versionCode="1"
5    android:versionName="1.0" >
6
7    <uses-sdk
8        android:minSdkVersion="19"
8-->main/module/AndroidManifest.xml
9        android:targetSdkVersion="30" />
9-->main/module/AndroidManifest.xml
10
11    <application>
11-->main/module/AndroidManifest.xml:5:5-12:19
12
13        <!-- 登录 -->
14        <!-- <activity -->
15        <!-- android:name=".ui.activity.LoginActivity" -->
16        <!-- android:screenOrientation="portrait" /> -->
17
18    </application>
19
20</manifest>